Importer Log Report
Project : gravador.PrjPCB

Section : Analyze Document - C:\Users\Arnaldo\Google Drive\Arquivos\eletronica\Eagle\Projetos\Pessoal\gravador de voz\gravador.sch
    Analyzing data of C:\Users\Arnaldo\Google Drive\Arquivos\eletronica\Eagle\Projetos\Pessoal\gravador de voz\gravador.sch
    Load settings
    Load layers 103
    Load schematic
    Load Libraries 8
    Load Library "junior"
    Load Packages 5
    Load Symbols 2
    Load DeviceSets 2
    Load Library "rcl"
    Load Packages 164
    Load Symbols 2
    Load DeviceSets 2
    Load Library "supply1"
    Load Packages 0
    Load Symbols 2
    Load DeviceSets 2
    Load Library "pinhead"
    Load Packages 4
    Load Symbols 2
    Load DeviceSets 2
    Load Library "dp_devices"
    Load Packages 6
    Load Symbols 2
    Load DeviceSets 2
    Load Library "jumper"
    Load Packages 2
    Load Symbols 1
    Load DeviceSets 1
    Load Library "diode"
    Load Packages 2
    Load Symbols 1
    Load DeviceSets 1
    Load Library "microchip"
    Load Packages 2
    Load Symbols 1
    Load DeviceSets 1
    Load Attributes 0
    Load Classes 1
    Load Parts 40
    Load Sheets 1
    ERROR: Unhandled typeerrors
EndSection
